2026-04-03 01:12:13,971 [ERROR] Task exception was never retrieved
future: <Task finished name='Task-2' coro=<ConnectionManager.game_loop() done, defined at D:\programming\mtuci-it-projects\io_game\main.py:61> exception=RuntimeError('dictionary changed size during iteration')>
Traceback (most recent call last):
  File "D:\programming\mtuci-it-projects\io_game\main.py", line 76, in game_loop
    await self.game.broadcast_client_info(self.websockets)
  File "D:\programming\mtuci-it-projects\io_game\game\game.py", line 109, in broadcast_client_info
    for player_id, websocket in websockets.items():
                                ^^^^^^^^^^^^^^^^^^
RuntimeError: dictionary changed size during iteration
2026-04-03 01:12:27,253 [ERROR] Error while broadcasting: WebSocketDisconnect 
2026-04-03 01:13:15,789 [INFO] start
2026-04-03 01:15:11,147 [INFO] Session start
2026-04-03 01:16:30,641 [ERROR] Task exception was never retrieved
future: <Task finished name='Task-2' coro=<ConnectionManager.game_loop() done, defined at D:\programming\mtuci-it-projects\io_game\main.py:62> exception=RuntimeError('dictionary changed size during iteration')>
Traceback (most recent call last):
  File "D:\programming\mtuci-it-projects\io_game\main.py", line 77, in game_loop
    await self.game.broadcast_client_info(self.websockets)
  File "D:\programming\mtuci-it-projects\io_game\game\game.py", line 109, in broadcast_client_info
    for player_id, websocket in websockets.items():
                                ^^^^^^^^^^^^^^^^^^
RuntimeError: dictionary changed size during iteration
2026-04-03 01:21:01,020 [INFO] Session start
2026-04-03 01:21:16,204 [ERROR] Unexpected exception
Traceback (most recent call last):
  File "D:\programming\mtuci-it-projects\io_game\main.py", line 78, in game_loop
    await self.game.broadcast_client_info(self.websockets)
  File "D:\programming\mtuci-it-projects\io_game\game\game.py", line 110, in broadcast_client_info
    for player_id, websocket in websockets.items():
                                ^^^^^^^^^^^^^^^^^^
RuntimeError: dictionary changed size during iteration
2026-04-03 01:26:13,562 [INFO] Session start
2026-04-03 01:29:44,179 [INFO] Session start
